<?xml version="1.0" encoding="UTF-8"?>
<!-- Generated by org.testng.reporters.JUnitReportReporter -->
<testsuite skipped="0" hostname="admin-PC" name="com.monitor.dht_api.testlinks.ConnectTest" tests="1" failures="0" timestamp="05 十二月 2018 07:18:05 GMT" time="0.731" errors="0">
  <testcase name="connectTestlink" time="0.731" classname="com.monitor.dht_api.testlinks.ConnectTest"/>
</testsuite> <!-- com.monitor.dht_api.testlinks.ConnectTest -->
